[13:50:50.643] Global cache location '/home/marcos/.cache/typescript/4.6', safe file path '/home/marcos/.nvm/versions/node/v17.7.1/lib/node_modules/typescript/lib/typingSafeList.json', types map path /home/marcos/.nvm/versions/node/v17.7.1/lib/node_modules/typescript/lib/typesMap.json
[13:50:50.644] Processing cache location '/home/marcos/.cache/typescript/4.6'
[13:50:50.644] Trying to find '/home/marcos/.cache/typescript/4.6/package.json'...
[13:50:50.645] Loaded content of '/home/marcos/.cache/typescript/4.6/package.json': {"private":true,"dependencies":{"types-registry":"^0.1.585"},"devDependencies":{"@types/node":"^17.0.21","@types/react":"^17.0.43","@types/react-dom":"^17.0.14","@types/testing-library__jest-dom":"^5.14.3"}}
[13:50:50.645] Loaded content of '/home/marcos/.cache/typescript/4.6/package-lock.json'
[13:50:50.660] Adding entry into typings cache: 'node' => '/home/marcos/.cache/typescript/4.6/node_modules/@types/node/index.d.ts'
[13:50:50.664] Adding entry into typings cache: 'react' => '/home/marcos/.cache/typescript/4.6/node_modules/@types/react/index.d.ts'
[13:50:50.666] Adding entry into typings cache: 'react-dom' => '/home/marcos/.cache/typescript/4.6/node_modules/@types/react-dom/index.d.ts'
[13:50:50.667] Adding entry into typings cache: 'testing-library__jest-dom' => '/home/marcos/.cache/typescript/4.6/node_modules/@types/testing-library__jest-dom/index.d.ts'
[13:50:50.668] Finished processing cache location '/home/marcos/.cache/typescript/4.6'
[13:50:50.668] Process id: 796799
[13:50:50.668] NPM location: /home/marcos/.nvm/versions/node/v17.7.1/bin/npm (explicit '--npmLocation' not  provided)
[13:50:50.668] validateDefaultNpmLocation: false
[13:50:50.668] Npm config file: /home/marcos/.cache/typescript/4.6/package.json
[13:50:50.668] Updating types-registry npm package...
[13:50:50.668] Exec: /home/marcos/.nvm/versions/node/v17.7.1/bin/npm install --ignore-scripts types-registry@latest
[13:50:52.362]     Succeeded. stdout:
    
    up to date, audited 24 packages in 2s

3 packages are looking for funding
  run `npm fund` for details

found 0 vulnerabilities

[13:50:52.363] Updated types-registry npm package
