[13:33:06.982] Global cache location '/home/marcos/.cache/typescript/4.6', safe file path '/home/marcos/.nvm/versions/node/v17.7.1/lib/node_modules/typescript/lib/typingSafeList.json', types map path /home/marcos/.nvm/versions/node/v17.7.1/lib/node_modules/typescript/lib/typesMap.json
[13:33:06.982] Processing cache location '/home/marcos/.cache/typescript/4.6'
[13:33:06.982] Trying to find '/home/marcos/.cache/typescript/4.6/package.json'...
[13:33:06.983] Loaded content of '/home/marcos/.cache/typescript/4.6/package.json': {"private":true,"dependencies":{"types-registry":"^0.1.585"},"devDependencies":{"@types/node":"^17.0.21","@types/react":"^17.0.43","@types/react-dom":"^17.0.14","@types/testing-library__jest-dom":"^5.14.3"}}
[13:33:06.983] Loaded content of '/home/marcos/.cache/typescript/4.6/package-lock.json'
[13:33:06.993] Adding entry into typings cache: 'node' => '/home/marcos/.cache/typescript/4.6/node_modules/@types/node/index.d.ts'
[13:33:06.995] Adding entry into typings cache: 'react' => '/home/marcos/.cache/typescript/4.6/node_modules/@types/react/index.d.ts'
[13:33:06.996] Adding entry into typings cache: 'react-dom' => '/home/marcos/.cache/typescript/4.6/node_modules/@types/react-dom/index.d.ts'
[13:33:06.997] Adding entry into typings cache: 'testing-library__jest-dom' => '/home/marcos/.cache/typescript/4.6/node_modules/@types/testing-library__jest-dom/index.d.ts'
[13:33:06.997] Finished processing cache location '/home/marcos/.cache/typescript/4.6'
[13:33:06.998] Process id: 795252
[13:33:06.998] NPM location: /home/marcos/.nvm/versions/node/v17.7.1/bin/npm (explicit '--npmLocation' not  provided)
[13:33:06.998] validateDefaultNpmLocation: false
[13:33:06.998] Npm config file: /home/marcos/.cache/typescript/4.6/package.json
[13:33:06.998] Updating types-registry npm package...
[13:33:06.998] Exec: /home/marcos/.nvm/versions/node/v17.7.1/bin/npm install --ignore-scripts types-registry@latest
[13:33:08.001]     Succeeded. stdout:
    
    up to date, audited 24 packages in 893ms

3 packages are looking for funding
  run `npm fund` for details

found 0 vulnerabilities

[13:33:08.001] Updated types-registry npm package
