[14:29:34.581] Global cache location '/home/marcos/.cache/typescript/4.6', safe file path '/home/marcos/.nvm/versions/node/v17.7.1/lib/node_modules/typescript/lib/typingSafeList.json', types map path /home/marcos/.nvm/versions/node/v17.7.1/lib/node_modules/typescript/lib/typesMap.json
[14:29:34.581] Processing cache location '/home/marcos/.cache/typescript/4.6'
[14:29:34.581] Trying to find '/home/marcos/.cache/typescript/4.6/package.json'...
[14:29:34.582] Loaded content of '/home/marcos/.cache/typescript/4.6/package.json': {"private":true,"dependencies":{"types-registry":"^0.1.585"},"devDependencies":{"@types/node":"^17.0.21","@types/react":"^17.0.43","@types/react-dom":"^17.0.14","@types/testing-library__jest-dom":"^5.14.3"}}
[14:29:34.582] Loaded content of '/home/marcos/.cache/typescript/4.6/package-lock.json'
[14:29:34.596] Adding entry into typings cache: 'node' => '/home/marcos/.cache/typescript/4.6/node_modules/@types/node/index.d.ts'
[14:29:34.600] Adding entry into typings cache: 'react' => '/home/marcos/.cache/typescript/4.6/node_modules/@types/react/index.d.ts'
[14:29:34.601] Adding entry into typings cache: 'react-dom' => '/home/marcos/.cache/typescript/4.6/node_modules/@types/react-dom/index.d.ts'
[14:29:34.603] Adding entry into typings cache: 'testing-library__jest-dom' => '/home/marcos/.cache/typescript/4.6/node_modules/@types/testing-library__jest-dom/index.d.ts'
[14:29:34.603] Finished processing cache location '/home/marcos/.cache/typescript/4.6'
[14:29:34.603] Process id: 803504
[14:29:34.603] NPM location: /home/marcos/.nvm/versions/node/v17.7.1/bin/npm (explicit '--npmLocation' not  provided)
[14:29:34.603] validateDefaultNpmLocation: false
[14:29:34.603] Npm config file: /home/marcos/.cache/typescript/4.6/package.json
[14:29:34.604] Updating types-registry npm package...
[14:29:34.604] Exec: /home/marcos/.nvm/versions/node/v17.7.1/bin/npm install --ignore-scripts types-registry@latest
[14:29:35.449]     Succeeded. stdout:
    
    up to date, audited 24 packages in 725ms

3 packages are looking for funding
  run `npm fund` for details

found 0 vulnerabilities

[14:29:35.449] Updated types-registry npm package
