[16:32:45.694] Global cache location '/home/marcos/.cache/typescript/4.6', safe file path '/home/marcos/.nvm/versions/node/v17.7.1/lib/node_modules/typescript/lib/typingSafeList.json', types map path /home/marcos/.nvm/versions/node/v17.7.1/lib/node_modules/typescript/lib/typesMap.json
[16:32:45.694] Processing cache location '/home/marcos/.cache/typescript/4.6'
[16:32:45.695] Trying to find '/home/marcos/.cache/typescript/4.6/package.json'...
[16:32:45.695] Loaded content of '/home/marcos/.cache/typescript/4.6/package.json': {"private":true,"dependencies":{"types-registry":"^0.1.585"},"devDependencies":{"@types/node":"^17.0.21","@types/react":"^17.0.43","@types/react-dom":"^17.0.14","@types/testing-library__jest-dom":"^5.14.3"}}
[16:32:45.695] Loaded content of '/home/marcos/.cache/typescript/4.6/package-lock.json'
[16:32:45.705] Adding entry into typings cache: 'node' => '/home/marcos/.cache/typescript/4.6/node_modules/@types/node/index.d.ts'
[16:32:45.708] Adding entry into typings cache: 'react' => '/home/marcos/.cache/typescript/4.6/node_modules/@types/react/index.d.ts'
[16:32:45.710] Adding entry into typings cache: 'react-dom' => '/home/marcos/.cache/typescript/4.6/node_modules/@types/react-dom/index.d.ts'
[16:32:45.711] Adding entry into typings cache: 'testing-library__jest-dom' => '/home/marcos/.cache/typescript/4.6/node_modules/@types/testing-library__jest-dom/index.d.ts'
[16:32:45.711] Finished processing cache location '/home/marcos/.cache/typescript/4.6'
[16:32:45.711] Process id: 815971
[16:32:45.711] NPM location: /home/marcos/.nvm/versions/node/v17.7.1/bin/npm (explicit '--npmLocation' not  provided)
[16:32:45.711] validateDefaultNpmLocation: false
[16:32:45.711] Npm config file: /home/marcos/.cache/typescript/4.6/package.json
[16:32:45.711] Updating types-registry npm package...
[16:32:45.711] Exec: /home/marcos/.nvm/versions/node/v17.7.1/bin/npm install --ignore-scripts types-registry@latest
[16:32:46.542]     Succeeded. stdout:
    
    up to date, audited 24 packages in 711ms

3 packages are looking for funding
  run `npm fund` for details

found 0 vulnerabilities

[16:32:46.542] Updated types-registry npm package
