[16:25:10.049] Global cache location '/home/marcos/.cache/typescript/4.6', safe file path '/home/marcos/.nvm/versions/node/v17.7.1/lib/node_modules/typescript/lib/typingSafeList.json', types map path /home/marcos/.nvm/versions/node/v17.7.1/lib/node_modules/typescript/lib/typesMap.json
[16:25:10.050] Processing cache location '/home/marcos/.cache/typescript/4.6'
[16:25:10.051] Trying to find '/home/marcos/.cache/typescript/4.6/package.json'...
[16:25:10.052] Loaded content of '/home/marcos/.cache/typescript/4.6/package.json': {"private":true,"dependencies":{"types-registry":"^0.1.585"},"devDependencies":{"@types/node":"^17.0.21","@types/react":"^17.0.43","@types/react-dom":"^17.0.14","@types/testing-library__jest-dom":"^5.14.3"}}
[16:25:10.052] Loaded content of '/home/marcos/.cache/typescript/4.6/package-lock.json'
[16:25:10.066] Adding entry into typings cache: 'node' => '/home/marcos/.cache/typescript/4.6/node_modules/@types/node/index.d.ts'
[16:25:10.071] Adding entry into typings cache: 'react' => '/home/marcos/.cache/typescript/4.6/node_modules/@types/react/index.d.ts'
[16:25:10.074] Adding entry into typings cache: 'react-dom' => '/home/marcos/.cache/typescript/4.6/node_modules/@types/react-dom/index.d.ts'
[16:25:10.076] Adding entry into typings cache: 'testing-library__jest-dom' => '/home/marcos/.cache/typescript/4.6/node_modules/@types/testing-library__jest-dom/index.d.ts'
[16:25:10.076] Finished processing cache location '/home/marcos/.cache/typescript/4.6'
[16:25:10.076] Process id: 814835
[16:25:10.076] NPM location: /home/marcos/.nvm/versions/node/v17.7.1/bin/npm (explicit '--npmLocation' not  provided)
[16:25:10.077] validateDefaultNpmLocation: false
[16:25:10.078] Npm config file: /home/marcos/.cache/typescript/4.6/package.json
[16:25:10.078] Updating types-registry npm package...
[16:25:10.078] Exec: /home/marcos/.nvm/versions/node/v17.7.1/bin/npm install --ignore-scripts types-registry@latest
[16:25:11.280]     Succeeded. stdout:
    
    up to date, audited 24 packages in 1s

3 packages are looking for funding
  run `npm fund` for details

found 0 vulnerabilities

[16:25:11.280] Updated types-registry npm package
