[14:06:53.967] Global cache location '/home/marcos/.cache/typescript/4.6', safe file path '/home/marcos/.nvm/versions/node/v17.7.1/lib/node_modules/typescript/lib/typingSafeList.json', types map path /home/marcos/.nvm/versions/node/v17.7.1/lib/node_modules/typescript/lib/typesMap.json
[14:06:53.968] Processing cache location '/home/marcos/.cache/typescript/4.6'
[14:06:53.968] Trying to find '/home/marcos/.cache/typescript/4.6/package.json'...
[14:06:53.968] Loaded content of '/home/marcos/.cache/typescript/4.6/package.json': {"private":true,"dependencies":{"types-registry":"^0.1.585"},"devDependencies":{"@types/node":"^17.0.21","@types/react":"^17.0.43","@types/react-dom":"^17.0.14","@types/testing-library__jest-dom":"^5.14.3"}}
[14:06:53.968] Loaded content of '/home/marcos/.cache/typescript/4.6/package-lock.json'
[14:06:53.979] Adding entry into typings cache: 'node' => '/home/marcos/.cache/typescript/4.6/node_modules/@types/node/index.d.ts'
[14:06:53.981] Adding entry into typings cache: 'react' => '/home/marcos/.cache/typescript/4.6/node_modules/@types/react/index.d.ts'
[14:06:53.983] Adding entry into typings cache: 'react-dom' => '/home/marcos/.cache/typescript/4.6/node_modules/@types/react-dom/index.d.ts'
[14:06:53.984] Adding entry into typings cache: 'testing-library__jest-dom' => '/home/marcos/.cache/typescript/4.6/node_modules/@types/testing-library__jest-dom/index.d.ts'
[14:06:53.984] Finished processing cache location '/home/marcos/.cache/typescript/4.6'
[14:06:53.984] Process id: 800461
[14:06:53.984] NPM location: /home/marcos/.nvm/versions/node/v17.7.1/bin/npm (explicit '--npmLocation' not  provided)
[14:06:53.984] validateDefaultNpmLocation: false
[14:06:53.984] Npm config file: /home/marcos/.cache/typescript/4.6/package.json
[14:06:53.984] Updating types-registry npm package...
[14:06:53.984] Exec: /home/marcos/.nvm/versions/node/v17.7.1/bin/npm install --ignore-scripts types-registry@latest
[14:06:54.897]     Succeeded. stdout:
    
    up to date, audited 24 packages in 766ms

3 packages are looking for funding
  run `npm fund` for details

found 0 vulnerabilities

[14:06:54.898] Updated types-registry npm package
